[   14580ms] [INFO] %cDownload the React DevTools for a better development experience: https://react.dev/link/react-devtools font-weight:bold @ webpack-internal:///(app-pages-browser)/../../node_modules/.pnpm/next@15.5.14_@playwright+test@1.58.2_react-dom@19.2.4_react@19.2.4__react@19.2.4/node_modules/next/dist/compiled/react-dom/cjs/react-dom-client.development.js:25630
[   34894ms] [LOG] [Fast Refresh] rebuilding @ webpack-internal:///(app-pages-browser)/../../node_modules/.pnpm/next@15.5.14_@playwright+test@1.58.2_react-dom@19.2.4_react@19.2.4__react@19.2.4/node_modules/next/dist/client/dev/hot-reloader/app/hot-reloader-app.js:196
[   51030ms] [LOG] [Fast Refresh] done in 16136ms @ webpack-internal:///(app-pages-browser)/../../node_modules/.pnpm/next@15.5.14_@playwright+test@1.58.2_react-dom@19.2.4_react@19.2.4__react@19.2.4/node_modules/next/dist/client/dev/report-hmr-latency.js:13
[  223329ms] [LOG] [Fast Refresh] rebuilding @ webpack-internal:///(app-pages-browser)/../../node_modules/.pnpm/next@15.5.14_@playwright+test@1.58.2_react-dom@19.2.4_react@19.2.4__react@19.2.4/node_modules/next/dist/client/dev/hot-reloader/app/hot-reloader-app.js:196
[  223893ms] [WARNING] [Fast Refresh] performing full reload

Fast Refresh will perform a full reload when you edit a file that's imported by modules outside of the React rendering tree.
You might have a file which exports a React component but also exports a value that is imported by a non-React component file.
Consider migrating the non-React component export to a separate file and importing it into both files.

It is also possible the parent component of the component you edited is a class component, which disables Fast Refresh.
Fast Refresh requires at least one parent function component in your React tree. @ webpack-internal:///(app-pages-browser)/../../node_modules/.pnpm/next@15.5.14_@playwright+test@1.58.2_react-dom@19.2.4_react@19.2.4__react@19.2.4/node_modules/next/dist/client/dev/hot-reloader/app/hot-reloader-app.js:111
[  226343ms] [INFO] %cDownload the React DevTools for a better development experience: https://react.dev/link/react-devtools font-weight:bold @ webpack-internal:///(app-pages-browser)/../../node_modules/.pnpm/next@15.5.14_@playwright+test@1.58.2_react-dom@19.2.4_react@19.2.4__react@19.2.4/node_modules/next/dist/compiled/react-dom/cjs/react-dom-client.development.js:25630
[  255723ms] [LOG] [Fast Refresh] rebuilding @ webpack-internal:///(app-pages-browser)/../../node_modules/.pnpm/next@15.5.14_@playwright+test@1.58.2_react-dom@19.2.4_react@19.2.4__react@19.2.4/node_modules/next/dist/client/dev/hot-reloader/app/hot-reloader-app.js:196
[  256333ms] [LOG] [Fast Refresh] done in 610ms @ webpack-internal:///(app-pages-browser)/../../node_modules/.pnpm/next@15.5.14_@playwright+test@1.58.2_react-dom@19.2.4_react@19.2.4__react@19.2.4/node_modules/next/dist/client/dev/report-hmr-latency.js:13
[  274988ms] [LOG] [Fast Refresh] rebuilding @ webpack-internal:///(app-pages-browser)/../../node_modules/.pnpm/next@15.5.14_@playwright+test@1.58.2_react-dom@19.2.4_react@19.2.4__react@19.2.4/node_modules/next/dist/client/dev/hot-reloader/app/hot-reloader-app.js:196
[  275117ms] [LOG] [Fast Refresh] done in 130ms @ webpack-internal:///(app-pages-browser)/../../node_modules/.pnpm/next@15.5.14_@playwright+test@1.58.2_react-dom@19.2.4_react@19.2.4__react@19.2.4/node_modules/next/dist/client/dev/report-hmr-latency.js:13
[  279551ms] [LOG] [Fast Refresh] rebuilding @ webpack-internal:///(app-pages-browser)/../../node_modules/.pnpm/next@15.5.14_@playwright+test@1.58.2_react-dom@19.2.4_react@19.2.4__react@19.2.4/node_modules/next/dist/client/dev/hot-reloader/app/hot-reloader-app.js:196
[  279777ms] [LOG] [Fast Refresh] done in 225ms @ webpack-internal:///(app-pages-browser)/../../node_modules/.pnpm/next@15.5.14_@playwright+test@1.58.2_react-dom@19.2.4_react@19.2.4__react@19.2.4/node_modules/next/dist/client/dev/report-hmr-latency.js:13
[  293050ms] [LOG] [Fast Refresh] rebuilding @ webpack-internal:///(app-pages-browser)/../../node_modules/.pnpm/next@15.5.14_@playwright+test@1.58.2_react-dom@19.2.4_react@19.2.4__react@19.2.4/node_modules/next/dist/client/dev/hot-reloader/app/hot-reloader-app.js:196
[  293348ms] [WARNING] ./app/globals.css.webpack[javascript/auto]!=!../../node_modules/.pnpm/next@15.5.14_@playwright+test@1.58.2_react-dom@19.2.4_react@19.2.4__react@19.2.4/node_modules/next/dist/build/webpack/loaders/css-loader/src/index.js??ruleSet[1].rules[14].oneOf[10].use[2]!../../node_modules/.pnpm/next@15.5.14_@playwright+test@1.58.2_react-dom@19.2.4_react@19.2.4__react@19.2.4/node_modules/next/dist/build/webpack/loaders/postcss-loader/src/index.js??ruleSet[1].rules[14].oneOf[10].use[3]!./app/globals.css
Warning

(993:3) autoprefixer: start value has mixed support, consider using flex-start instead

Import trace for requested module:
./app/globals.css.webpack[javascript/auto]!=!../../node_modules/.pnpm/next@15.5.14_@playwright+test@1.58.2_react-dom@19.2.4_react@19.2.4__react@19.2.4/node_modules/next/dist/build/webpack/loaders/css-loader/src/index.js??ruleSet[1].rules[14].oneOf[10].use[2]!../../node_modules/.pnpm/next@15.5.14_@playwright+test@1.58.2_react-dom@19.2.4_react@19.2.4__react@19.2.4/node_modules/next/dist/build/webpack/loaders/postcss-loader/src/index.js??ruleSet[1].rules[14].oneOf[10].use[3]!./app/globals.css
./app/globals.css @ webpack-internal:///(app-pages-browser)/../../node_modules/.pnpm/next@15.5.14_@playwright+test@1.58.2_react-dom@19.2.4_react@19.2.4__react@19.2.4/node_modules/next/dist/client/dev/hot-reloader/app/hot-reloader-app.js:241
[  293363ms] [LOG] [Fast Refresh] done in 312ms @ webpack-internal:///(app-pages-browser)/../../node_modules/.pnpm/next@15.5.14_@playwright+test@1.58.2_react-dom@19.2.4_react@19.2.4__react@19.2.4/node_modules/next/dist/client/dev/report-hmr-latency.js:13
[  305972ms] [LOG] [Fast Refresh] rebuilding @ webpack-internal:///(app-pages-browser)/../../node_modules/.pnpm/next@15.5.14_@playwright+test@1.58.2_react-dom@19.2.4_react@19.2.4__react@19.2.4/node_modules/next/dist/client/dev/hot-reloader/app/hot-reloader-app.js:196
[  306168ms] [WARNING] [Fast Refresh] performing full reload

Fast Refresh will perform a full reload when you edit a file that's imported by modules outside of the React rendering tree.
You might have a file which exports a React component but also exports a value that is imported by a non-React component file.
Consider migrating the non-React component export to a separate file and importing it into both files.

It is also possible the parent component of the component you edited is a class component, which disables Fast Refresh.
Fast Refresh requires at least one parent function component in your React tree. @ webpack-internal:///(app-pages-browser)/../../node_modules/.pnpm/next@15.5.14_@playwright+test@1.58.2_react-dom@19.2.4_react@19.2.4__react@19.2.4/node_modules/next/dist/client/dev/hot-reloader/app/hot-reloader-app.js:111
[  307185ms] [INFO] %cDownload the React DevTools for a better development experience: https://react.dev/link/react-devtools font-weight:bold @ webpack-internal:///(app-pages-browser)/../../node_modules/.pnpm/next@15.5.14_@playwright+test@1.58.2_react-dom@19.2.4_react@19.2.4__react@19.2.4/node_modules/next/dist/compiled/react-dom/cjs/react-dom-client.development.js:25630
[  370547ms] [LOG] [Fast Refresh] rebuilding @ webpack-internal:///(app-pages-browser)/../../node_modules/.pnpm/next@15.5.14_@playwright+test@1.58.2_react-dom@19.2.4_react@19.2.4__react@19.2.4/node_modules/next/dist/client/dev/hot-reloader/app/hot-reloader-app.js:196
[  370809ms] [WARNING] ./app/globals.css.webpack[javascript/auto]!=!../../node_modules/.pnpm/next@15.5.14_@playwright+test@1.58.2_react-dom@19.2.4_react@19.2.4__react@19.2.4/node_modules/next/dist/build/webpack/loaders/css-loader/src/index.js??ruleSet[1].rules[14].oneOf[10].use[2]!../../node_modules/.pnpm/next@15.5.14_@playwright+test@1.58.2_react-dom@19.2.4_react@19.2.4__react@19.2.4/node_modules/next/dist/build/webpack/loaders/postcss-loader/src/index.js??ruleSet[1].rules[14].oneOf[10].use[3]!./app/globals.css
Warning

(993:3) autoprefixer: start value has mixed support, consider using flex-start instead

Import trace for requested module:
./app/globals.css.webpack[javascript/auto]!=!../../node_modules/.pnpm/next@15.5.14_@playwright+test@1.58.2_react-dom@19.2.4_react@19.2.4__react@19.2.4/node_modules/next/dist/build/webpack/loaders/css-loader/src/index.js??ruleSet[1].rules[14].oneOf[10].use[2]!../../node_modules/.pnpm/next@15.5.14_@playwright+test@1.58.2_react-dom@19.2.4_react@19.2.4__react@19.2.4/node_modules/next/dist/build/webpack/loaders/postcss-loader/src/index.js??ruleSet[1].rules[14].oneOf[10].use[3]!./app/globals.css
./app/globals.css @ webpack-internal:///(app-pages-browser)/../../node_modules/.pnpm/next@15.5.14_@playwright+test@1.58.2_react-dom@19.2.4_react@19.2.4__react@19.2.4/node_modules/next/dist/client/dev/hot-reloader/app/hot-reloader-app.js:241
[  370851ms] [LOG] [Fast Refresh] done in 305ms @ webpack-internal:///(app-pages-browser)/../../node_modules/.pnpm/next@15.5.14_@playwright+test@1.58.2_react-dom@19.2.4_react@19.2.4__react@19.2.4/node_modules/next/dist/client/dev/report-hmr-latency.js:13
[  455242ms] [WARNING] ./app/globals.css.webpack[javascript/auto]!=!../../node_modules/.pnpm/next@15.5.14_@playwright+test@1.58.2_react-dom@19.2.4_react@19.2.4__react@19.2.4/node_modules/next/dist/build/webpack/loaders/css-loader/src/index.js??ruleSet[1].rules[14].oneOf[10].use[2]!../../node_modules/.pnpm/next@15.5.14_@playwright+test@1.58.2_react-dom@19.2.4_react@19.2.4__react@19.2.4/node_modules/next/dist/build/webpack/loaders/postcss-loader/src/index.js??ruleSet[1].rules[14].oneOf[10].use[3]!./app/globals.css
Warning

(993:3) autoprefixer: start value has mixed support, consider using flex-start instead @ webpack-internal:///(app-pages-browser)/../../node_modules/.pnpm/next@15.5.14_@playwright+test@1.58.2_react-dom@19.2.4_react@19.2.4__react@19.2.4/node_modules/next/dist/client/dev/hot-reloader/app/hot-reloader-app.js:241
[  484354ms] [LOG] [Fast Refresh] rebuilding @ webpack-internal:///(app-pages-browser)/../../node_modules/.pnpm/next@15.5.14_@playwright+test@1.58.2_react-dom@19.2.4_react@19.2.4__react@19.2.4/node_modules/next/dist/client/dev/hot-reloader/app/hot-reloader-app.js:196
[  484767ms] [LOG] [Fast Refresh] done in 413ms @ webpack-internal:///(app-pages-browser)/../../node_modules/.pnpm/next@15.5.14_@playwright+test@1.58.2_react-dom@19.2.4_react@19.2.4__react@19.2.4/node_modules/next/dist/client/dev/report-hmr-latency.js:13
[  491314ms] [LOG] [Fast Refresh] rebuilding @ webpack-internal:///(app-pages-browser)/../../node_modules/.pnpm/next@15.5.14_@playwright+test@1.58.2_react-dom@19.2.4_react@19.2.4__react@19.2.4/node_modules/next/dist/client/dev/hot-reloader/app/hot-reloader-app.js:196
[  491479ms] [WARNING] ./app/globals.css.webpack[javascript/auto]!=!../../node_modules/.pnpm/next@15.5.14_@playwright+test@1.58.2_react-dom@19.2.4_react@19.2.4__react@19.2.4/node_modules/next/dist/build/webpack/loaders/css-loader/src/index.js??ruleSet[1].rules[14].oneOf[10].use[2]!../../node_modules/.pnpm/next@15.5.14_@playwright+test@1.58.2_react-dom@19.2.4_react@19.2.4__react@19.2.4/node_modules/next/dist/build/webpack/loaders/postcss-loader/src/index.js??ruleSet[1].rules[14].oneOf[10].use[3]!./app/globals.css
Warning

(992:3) autoprefixer: start value has mixed support, consider using flex-start instead

Import trace for requested module:
./app/globals.css.webpack[javascript/auto]!=!../../node_modules/.pnpm/next@15.5.14_@playwright+test@1.58.2_react-dom@19.2.4_react@19.2.4__react@19.2.4/node_modules/next/dist/build/webpack/loaders/css-loader/src/index.js??ruleSet[1].rules[14].oneOf[10].use[2]!../../node_modules/.pnpm/next@15.5.14_@playwright+test@1.58.2_react-dom@19.2.4_react@19.2.4__react@19.2.4/node_modules/next/dist/build/webpack/loaders/postcss-loader/src/index.js??ruleSet[1].rules[14].oneOf[10].use[3]!./app/globals.css
./app/globals.css @ webpack-internal:///(app-pages-browser)/../../node_modules/.pnpm/next@15.5.14_@playwright+test@1.58.2_react-dom@19.2.4_react@19.2.4__react@19.2.4/node_modules/next/dist/client/dev/hot-reloader/app/hot-reloader-app.js:241
[  491519ms] [LOG] [Fast Refresh] done in 206ms @ webpack-internal:///(app-pages-browser)/../../node_modules/.pnpm/next@15.5.14_@playwright+test@1.58.2_react-dom@19.2.4_react@19.2.4__react@19.2.4/node_modules/next/dist/client/dev/report-hmr-latency.js:13
