[     504ms] [VERBOSE] [DOM] Input elements should have autocomplete attributes (suggested: "new-password"): (More info: https://goo.gl/9p2vKq) %o @ http://localhost:3000/auth/sign-in?next=%2F%3Feditor%3D1:0
[     788ms] [INFO] %cDownload the React DevTools for a better development experience: https://react.dev/link/react-devtools font-weight:bold @ webpack-internal:///(app-pages-browser)/../../node_modules/.pnpm/next@15.5.14_@playwright+test@1.58.2_react-dom@19.2.4_react@19.2.4__react@19.2.4/node_modules/next/dist/compiled/react-dom/cjs/react-dom-client.development.js:25630
[   26881ms] [INFO] %cDownload the React DevTools for a better development experience: https://react.dev/link/react-devtools font-weight:bold @ webpack-internal:///(app-pages-browser)/../../node_modules/.pnpm/next@15.5.14_@playwright+test@1.58.2_react-dom@19.2.4_react@19.2.4__react@19.2.4/node_modules/next/dist/compiled/react-dom/cjs/react-dom-client.development.js:25630
[   72572ms] [LOG] [Fast Refresh] rebuilding @ webpack-internal:///(app-pages-browser)/../../node_modules/.pnpm/next@15.5.14_@playwright+test@1.58.2_react-dom@19.2.4_react@19.2.4__react@19.2.4/node_modules/next/dist/client/dev/hot-reloader/app/hot-reloader-app.js:196
[   74779ms] [WARNING] [Fast Refresh] performing full reload

Fast Refresh will perform a full reload when you edit a file that's imported by modules outside of the React rendering tree.
You might have a file which exports a React component but also exports a value that is imported by a non-React component file.
Consider migrating the non-React component export to a separate file and importing it into both files.

It is also possible the parent component of the component you edited is a class component, which disables Fast Refresh.
Fast Refresh requires at least one parent function component in your React tree. @ webpack-internal:///(app-pages-browser)/../../node_modules/.pnpm/next@15.5.14_@playwright+test@1.58.2_react-dom@19.2.4_react@19.2.4__react@19.2.4/node_modules/next/dist/client/dev/hot-reloader/app/hot-reloader-app.js:111
[   75955ms] [INFO] %cDownload the React DevTools for a better development experience: https://react.dev/link/react-devtools font-weight:bold @ webpack-internal:///(app-pages-browser)/../../node_modules/.pnpm/next@15.5.14_@playwright+test@1.58.2_react-dom@19.2.4_react@19.2.4__react@19.2.4/node_modules/next/dist/compiled/react-dom/cjs/react-dom-client.development.js:25630
[   92796ms] [LOG] [Fast Refresh] rebuilding @ webpack-internal:///(app-pages-browser)/../../node_modules/.pnpm/next@15.5.14_@playwright+test@1.58.2_react-dom@19.2.4_react@19.2.4__react@19.2.4/node_modules/next/dist/client/dev/hot-reloader/app/hot-reloader-app.js:196
[   94461ms] [LOG] [Fast Refresh] done in 1664ms @ webpack-internal:///(app-pages-browser)/../../node_modules/.pnpm/next@15.5.14_@playwright+test@1.58.2_react-dom@19.2.4_react@19.2.4__react@19.2.4/node_modules/next/dist/client/dev/report-hmr-latency.js:13
[  102424ms] [LOG] [Fast Refresh] rebuilding @ webpack-internal:///(app-pages-browser)/../../node_modules/.pnpm/next@15.5.14_@playwright+test@1.58.2_react-dom@19.2.4_react@19.2.4__react@19.2.4/node_modules/next/dist/client/dev/hot-reloader/app/hot-reloader-app.js:196
[  103193ms] [WARNING] ./app/globals.css.webpack[javascript/auto]!=!../../node_modules/.pnpm/next@15.5.14_@playwright+test@1.58.2_react-dom@19.2.4_react@19.2.4__react@19.2.4/node_modules/next/dist/build/webpack/loaders/css-loader/src/index.js??ruleSet[1].rules[14].oneOf[10].use[2]!../../node_modules/.pnpm/next@15.5.14_@playwright+test@1.58.2_react-dom@19.2.4_react@19.2.4__react@19.2.4/node_modules/next/dist/build/webpack/loaders/postcss-loader/src/index.js??ruleSet[1].rules[14].oneOf[10].use[3]!./app/globals.css
Warning

(509:3) autoprefixer: start value has mixed support, consider using flex-start instead

Import trace for requested module:
./app/globals.css.webpack[javascript/auto]!=!../../node_modules/.pnpm/next@15.5.14_@playwright+test@1.58.2_react-dom@19.2.4_react@19.2.4__react@19.2.4/node_modules/next/dist/build/webpack/loaders/css-loader/src/index.js??ruleSet[1].rules[14].oneOf[10].use[2]!../../node_modules/.pnpm/next@15.5.14_@playwright+test@1.58.2_react-dom@19.2.4_react@19.2.4__react@19.2.4/node_modules/next/dist/build/webpack/loaders/postcss-loader/src/index.js??ruleSet[1].rules[14].oneOf[10].use[3]!./app/globals.css
./app/globals.css @ webpack-internal:///(app-pages-browser)/../../node_modules/.pnpm/next@15.5.14_@playwright+test@1.58.2_react-dom@19.2.4_react@19.2.4__react@19.2.4/node_modules/next/dist/client/dev/hot-reloader/app/hot-reloader-app.js:241
[  103254ms] [LOG] [Fast Refresh] done in 829ms @ webpack-internal:///(app-pages-browser)/../../node_modules/.pnpm/next@15.5.14_@playwright+test@1.58.2_react-dom@19.2.4_react@19.2.4__react@19.2.4/node_modules/next/dist/client/dev/report-hmr-latency.js:13
[  132315ms] [WARNING] ./app/globals.css.webpack[javascript/auto]!=!../../node_modules/.pnpm/next@15.5.14_@playwright+test@1.58.2_react-dom@19.2.4_react@19.2.4__react@19.2.4/node_modules/next/dist/build/webpack/loaders/css-loader/src/index.js??ruleSet[1].rules[14].oneOf[10].use[2]!../../node_modules/.pnpm/next@15.5.14_@playwright+test@1.58.2_react-dom@19.2.4_react@19.2.4__react@19.2.4/node_modules/next/dist/build/webpack/loaders/postcss-loader/src/index.js??ruleSet[1].rules[14].oneOf[10].use[3]!./app/globals.css
Warning

(509:3) autoprefixer: start value has mixed support, consider using flex-start instead @ webpack-internal:///(app-pages-browser)/../../node_modules/.pnpm/next@15.5.14_@playwright+test@1.58.2_react-dom@19.2.4_react@19.2.4__react@19.2.4/node_modules/next/dist/client/dev/hot-reloader/app/hot-reloader-app.js:241
[  153723ms] [LOG] [Fast Refresh] rebuilding @ webpack-internal:///(app-pages-browser)/../../node_modules/.pnpm/next@15.5.14_@playwright+test@1.58.2_react-dom@19.2.4_react@19.2.4__react@19.2.4/node_modules/next/dist/client/dev/hot-reloader/app/hot-reloader-app.js:196
[  154075ms] [LOG] [Fast Refresh] done in 353ms @ webpack-internal:///(app-pages-browser)/../../node_modules/.pnpm/next@15.5.14_@playwright+test@1.58.2_react-dom@19.2.4_react@19.2.4__react@19.2.4/node_modules/next/dist/client/dev/report-hmr-latency.js:13
[  178730ms] [LOG] [Fast Refresh] rebuilding @ webpack-internal:///(app-pages-browser)/../../node_modules/.pnpm/next@15.5.14_@playwright+test@1.58.2_react-dom@19.2.4_react@19.2.4__react@19.2.4/node_modules/next/dist/client/dev/hot-reloader/app/hot-reloader-app.js:196
[  178915ms] [LOG] [Fast Refresh] done in 185ms @ webpack-internal:///(app-pages-browser)/../../node_modules/.pnpm/next@15.5.14_@playwright+test@1.58.2_react-dom@19.2.4_react@19.2.4__react@19.2.4/node_modules/next/dist/client/dev/report-hmr-latency.js:13
[  198796ms] [LOG] [Fast Refresh] rebuilding @ webpack-internal:///(app-pages-browser)/../../node_modules/.pnpm/next@15.5.14_@playwright+test@1.58.2_react-dom@19.2.4_react@19.2.4__react@19.2.4/node_modules/next/dist/client/dev/hot-reloader/app/hot-reloader-app.js:196
[  199033ms] [LOG] [Fast Refresh] done in 237ms @ webpack-internal:///(app-pages-browser)/../../node_modules/.pnpm/next@15.5.14_@playwright+test@1.58.2_react-dom@19.2.4_react@19.2.4__react@19.2.4/node_modules/next/dist/client/dev/report-hmr-latency.js:13
[  308919ms] [LOG] [Fast Refresh] rebuilding @ webpack-internal:///(app-pages-browser)/../../node_modules/.pnpm/next@15.5.14_@playwright+test@1.58.2_react-dom@19.2.4_react@19.2.4__react@19.2.4/node_modules/next/dist/client/dev/hot-reloader/app/hot-reloader-app.js:196
[  309765ms] [LOG] [Fast Refresh] done in 847ms @ webpack-internal:///(app-pages-browser)/../../node_modules/.pnpm/next@15.5.14_@playwright+test@1.58.2_react-dom@19.2.4_react@19.2.4__react@19.2.4/node_modules/next/dist/client/dev/report-hmr-latency.js:13
[  318943ms] [LOG] [Fast Refresh] rebuilding @ webpack-internal:///(app-pages-browser)/../../node_modules/.pnpm/next@15.5.14_@playwright+test@1.58.2_react-dom@19.2.4_react@19.2.4__react@19.2.4/node_modules/next/dist/client/dev/hot-reloader/app/hot-reloader-app.js:196
[  319133ms] [LOG] [Fast Refresh] done in 190ms @ webpack-internal:///(app-pages-browser)/../../node_modules/.pnpm/next@15.5.14_@playwright+test@1.58.2_react-dom@19.2.4_react@19.2.4__react@19.2.4/node_modules/next/dist/client/dev/report-hmr-latency.js:13
[  338742ms] [LOG] [Fast Refresh] rebuilding @ webpack-internal:///(app-pages-browser)/../../node_modules/.pnpm/next@15.5.14_@playwright+test@1.58.2_react-dom@19.2.4_react@19.2.4__react@19.2.4/node_modules/next/dist/client/dev/hot-reloader/app/hot-reloader-app.js:196
[  339561ms] [WARNING] ./app/globals.css.webpack[javascript/auto]!=!../../node_modules/.pnpm/next@15.5.14_@playwright+test@1.58.2_react-dom@19.2.4_react@19.2.4__react@19.2.4/node_modules/next/dist/build/webpack/loaders/css-loader/src/index.js??ruleSet[1].rules[14].oneOf[10].use[2]!../../node_modules/.pnpm/next@15.5.14_@playwright+test@1.58.2_react-dom@19.2.4_react@19.2.4__react@19.2.4/node_modules/next/dist/build/webpack/loaders/postcss-loader/src/index.js??ruleSet[1].rules[14].oneOf[10].use[3]!./app/globals.css
Warning

(570:3) autoprefixer: start value has mixed support, consider using flex-start instead

Import trace for requested module:
./app/globals.css.webpack[javascript/auto]!=!../../node_modules/.pnpm/next@15.5.14_@playwright+test@1.58.2_react-dom@19.2.4_react@19.2.4__react@19.2.4/node_modules/next/dist/build/webpack/loaders/css-loader/src/index.js??ruleSet[1].rules[14].oneOf[10].use[2]!../../node_modules/.pnpm/next@15.5.14_@playwright+test@1.58.2_react-dom@19.2.4_react@19.2.4__react@19.2.4/node_modules/next/dist/build/webpack/loaders/postcss-loader/src/index.js??ruleSet[1].rules[14].oneOf[10].use[3]!./app/globals.css
./app/globals.css @ webpack-internal:///(app-pages-browser)/../../node_modules/.pnpm/next@15.5.14_@playwright+test@1.58.2_react-dom@19.2.4_react@19.2.4__react@19.2.4/node_modules/next/dist/client/dev/hot-reloader/app/hot-reloader-app.js:241
[  339586ms] [LOG] [Fast Refresh] done in 843ms @ webpack-internal:///(app-pages-browser)/../../node_modules/.pnpm/next@15.5.14_@playwright+test@1.58.2_react-dom@19.2.4_react@19.2.4__react@19.2.4/node_modules/next/dist/client/dev/report-hmr-latency.js:13
[  359509ms] [LOG] [Fast Refresh] rebuilding @ webpack-internal:///(app-pages-browser)/../../node_modules/.pnpm/next@15.5.14_@playwright+test@1.58.2_react-dom@19.2.4_react@19.2.4__react@19.2.4/node_modules/next/dist/client/dev/hot-reloader/app/hot-reloader-app.js:196
[  359662ms] [LOG] [Fast Refresh] done in 153ms @ webpack-internal:///(app-pages-browser)/../../node_modules/.pnpm/next@15.5.14_@playwright+test@1.58.2_react-dom@19.2.4_react@19.2.4__react@19.2.4/node_modules/next/dist/client/dev/report-hmr-latency.js:13
[  732429ms] [LOG] [Fast Refresh] rebuilding @ webpack-internal:///(app-pages-browser)/../../node_modules/.pnpm/next@15.5.14_@playwright+test@1.58.2_react-dom@19.2.4_react@19.2.4__react@19.2.4/node_modules/next/dist/client/dev/hot-reloader/app/hot-reloader-app.js:196
[  733176ms] [LOG] [Fast Refresh] done in 747ms @ webpack-internal:///(app-pages-browser)/../../node_modules/.pnpm/next@15.5.14_@playwright+test@1.58.2_react-dom@19.2.4_react@19.2.4__react@19.2.4/node_modules/next/dist/client/dev/report-hmr-latency.js:13
[  737036ms] [LOG] [Fast Refresh] rebuilding @ webpack-internal:///(app-pages-browser)/../../node_modules/.pnpm/next@15.5.14_@playwright+test@1.58.2_react-dom@19.2.4_react@19.2.4__react@19.2.4/node_modules/next/dist/client/dev/hot-reloader/app/hot-reloader-app.js:196
[  737217ms] [WARNING] ./app/globals.css.webpack[javascript/auto]!=!../../node_modules/.pnpm/next@15.5.14_@playwright+test@1.58.2_react-dom@19.2.4_react@19.2.4__react@19.2.4/node_modules/next/dist/build/webpack/loaders/css-loader/src/index.js??ruleSet[1].rules[14].oneOf[10].use[2]!../../node_modules/.pnpm/next@15.5.14_@playwright+test@1.58.2_react-dom@19.2.4_react@19.2.4__react@19.2.4/node_modules/next/dist/build/webpack/loaders/postcss-loader/src/index.js??ruleSet[1].rules[14].oneOf[10].use[3]!./app/globals.css
Warning

(592:3) autoprefixer: start value has mixed support, consider using flex-start instead

Import trace for requested module:
./app/globals.css.webpack[javascript/auto]!=!../../node_modules/.pnpm/next@15.5.14_@playwright+test@1.58.2_react-dom@19.2.4_react@19.2.4__react@19.2.4/node_modules/next/dist/build/webpack/loaders/css-loader/src/index.js??ruleSet[1].rules[14].oneOf[10].use[2]!../../node_modules/.pnpm/next@15.5.14_@playwright+test@1.58.2_react-dom@19.2.4_react@19.2.4__react@19.2.4/node_modules/next/dist/build/webpack/loaders/postcss-loader/src/index.js??ruleSet[1].rules[14].oneOf[10].use[3]!./app/globals.css
./app/globals.css @ webpack-internal:///(app-pages-browser)/../../node_modules/.pnpm/next@15.5.14_@playwright+test@1.58.2_react-dom@19.2.4_react@19.2.4__react@19.2.4/node_modules/next/dist/client/dev/hot-reloader/app/hot-reloader-app.js:241
[  737248ms] [LOG] [Fast Refresh] done in 213ms @ webpack-internal:///(app-pages-browser)/../../node_modules/.pnpm/next@15.5.14_@playwright+test@1.58.2_react-dom@19.2.4_react@19.2.4__react@19.2.4/node_modules/next/dist/client/dev/report-hmr-latency.js:13
